<?xml version="1.0" encoding="UTF-8"?><testrun name="DomainQueueFillerExecutionTest" project="DomainQueueFiller" tests="1" started="1" failures="0" errors="1" ignored="0">
  <testsuite name="com.cartographerapi.functions.DomainQueueFillerExecutionTest" time="1.728">
    <testcase name="executeDomainQueueFiller" classname="com.cartographerapi.functions.DomainQueueFillerExecutionTest" time="1.728">
      <error>com.amazonaws.AmazonServiceException: The Segment parameter is zero-based and must be less than parameter TotalSegments: Segment: 1 is not less than TotalSegments: 1 (Service: AmazonDynamoDBv2; Status Code: 400; Error Code: ValidationException; Request ID: 5GOL2Q143JGRD1VIDNM0V9BAVBVV4KQNSO5AEMVJF66Q9ASUAAJG)
	at com.amazonaws.http.AmazonHttpClient.handleErrorResponse(AmazonHttpClient.java:1389)
	at com.amazonaws.http.AmazonHttpClient.executeOneRequest(AmazonHttpClient.java:902)
	at com.amazonaws.http.AmazonHttpClient.executeHelper(AmazonHttpClient.java:607)
	at com.amazonaws.http.AmazonHttpClient.doExecute(AmazonHttpClient.java:376)
	at com.amazonaws.http.AmazonHttpClient.executeWithTimer(AmazonHttpClient.java:338)
	at com.amazonaws.http.AmazonHttpClient.execute(AmazonHttpClient.java:287)
	at com.amazonaws.services.dynamodbv2.AmazonDynamoDBClient.invoke(AmazonDynamoDBClient.java:1985)
	at com.amazonaws.services.dynamodbv2.AmazonDynamoDBClient.scan(AmazonDynamoDBClient.java:1703)
	at com.amazonaws.services.dynamodbv2.datamodeling.DynamoDBMapper.scanPage(DynamoDBMapper.java:1819)
	at com.amazonaws.services.dynamodbv2.datamodeling.DynamoDBMapper.scanPage(DynamoDBMapper.java:1835)
	at com.cartographerapi.functions.DomainQueueFiller.handleRequest(DomainQueueFiller.java:33)
	at com.cartographerapi.functions.DomainQueueFillerExecutionTest.executeDomainQueueFiller(DomainQueueFillerExecutionTest.java:52)
	at sun.reflect.NativeMethodAccessorImpl.invoke0(Native Method)
	at sun.reflect.NativeMethodAccessorImpl.invoke(NativeMethodAccessorImpl.java:62)
	at sun.reflect.DelegatingMethodAccessorImpl.invoke(DelegatingMethodAccessorImpl.java:43)
	at java.lang.reflect.Method.invoke(Method.java:497)
	at org.junit.runners.model.FrameworkMethod$1.runReflectiveCall(FrameworkMethod.java:50)
	at org.junit.internal.runners.model.ReflectiveCallable.run(ReflectiveCallable.java:12)
	at org.junit.runners.model.FrameworkMethod.invokeExplosively(FrameworkMethod.java:47)
	at org.junit.internal.runners.statements.InvokeMethod.evaluate(InvokeMethod.java:17)
	at org.junit.runners.ParentRunner.runLeaf(ParentRunner.java:325)
	at org.junit.runners.BlockJUnit4ClassRunner.runChild(BlockJUnit4ClassRunner.java:78)
	at org.junit.runners.BlockJUnit4ClassRunner.runChild(BlockJUnit4ClassRunner.java:57)
	at org.junit.runners.ParentRunner$3.run(ParentRunner.java:290)
	at org.junit.runners.ParentRunner$1.schedule(ParentRunner.java:71)
	at org.junit.runners.ParentRunner.runChildren(ParentRunner.java:288)
	at org.junit.runners.ParentRunner.access$000(ParentRunner.java:58)
	at org.junit.runners.ParentRunner$2.evaluate(ParentRunner.java:268)
	at org.junit.internal.runners.statements.RunBefores.evaluate(RunBefores.java:26)
	at org.junit.runners.ParentRunner.run(ParentRunner.java:363)
	at org.eclipse.jdt.internal.junit4.runner.JUnit4TestReference.run(JUnit4TestReference.java:86)
	at org.eclipse.jdt.internal.junit.runner.TestExecution.run(TestExecution.java:38)
	at org.eclipse.jdt.internal.junit.runner.RemoteTestRunner.runTests(RemoteTestRunner.java:459)
	at org.eclipse.jdt.internal.junit.runner.RemoteTestRunner.runTests(RemoteTestRunner.java:675)
	at org.eclipse.jdt.internal.junit.runner.RemoteTestRunner.run(RemoteTestRunner.java:382)
	at org.eclipse.jdt.internal.junit.runner.RemoteTestRunner.main(RemoteTestRunner.java:192)

</error>
    </testcase>
  </testsuite>
</testrun>
